Flow report for p3
Thu Feb 14 10:29:46 2019
Quartus Prime Version 18.1.0 Build 625 09/12/2018 SJ Lite Edition


---------------------
; Table of Contents ;
---------------------
  1. Legal Notice
  2. Flow Summary
  3. Flow Settings
  4. Flow Non-Default Global Settings
  5. Flow Elapsed Time
  6. Flow OS Summary
  7. Flow Log
  8. Flow Messages
  9. Flow Suppressed Messages



----------------
; Legal Notice ;
----------------
Copyright (C) 2018  Intel Corporation. All rights reserved.
Your use of Intel Corporation's design tools, logic functions 
and other software and tools, and its AMPP partner logic 
functions, and any output files from any of the foregoing 
(including device programming or simulation files), and any 
associated documentation or information are expressly subject 
to the terms and conditions of the Intel Program License 
Subscription Agreement, the Intel Quartus Prime License Agreement,
the Intel FPGA IP License Agreement, or other applicable license
agreement, including, without limitation, that your use is for
the sole purpose of programming logic devices manufactured by
Intel and sold by Intel or its authorized distributors.  Please
refer to the applicable agreement for further details.



+----------------------------------------------------------------------------------+
; Flow Summary                                                                     ;
+------------------------------------+---------------------------------------------+
; Flow Status                        ; Successful - Thu Feb 14 10:29:38 2019       ;
; Quartus Prime Version              ; 18.1.0 Build 625 09/12/2018 SJ Lite Edition ;
; Revision Name                      ; p3                                          ;
; Top-level Entity Name              ; processor                                   ;
; Family                             ; Cyclone IV E                                ;
; Device                             ; EP4CE6E22C8                                 ;
; Timing Models                      ; Final                                       ;
; Total logic elements               ; 2,157 / 6,272 ( 34 % )                      ;
;     Total combinational functions  ; 1,995 / 6,272 ( 32 % )                      ;
;     Dedicated logic registers      ; 1,200 / 6,272 ( 19 % )                      ;
; Total registers                    ; 1200                                        ;
; Total pins                         ; 26 / 92 ( 28 % )                            ;
; Total virtual pins                 ; 0                                           ;
; Total memory bits                  ; 76,800 / 276,480 ( 28 % )                   ;
; Embedded Multiplier 9-bit elements ; 0 / 30 ( 0 % )                              ;
; Total PLLs                         ; 0 / 2 ( 0 % )                               ;
+------------------------------------+---------------------------------------------+


+-----------------------------------------+
; Flow Settings                           ;
+-------------------+---------------------+
; Option            ; Setting             ;
+-------------------+---------------------+
; Start date & time ; 02/14/2019 10:27:53 ;
; Main task         ; Compilation         ;
; Revision Name     ; p3                  ;
+-------------------+---------------------+


+----------------------------------------------------------------------------------------------------------------------------------------------+
; Flow Non-Default Global Settings                                                                                                             ;
+-------------------------------------+-------------------------------------------------------------+---------------+-------------+------------+
; Assignment Name                     ; Value                                                       ; Default Value ; Entity Name ; Section Id ;
+-------------------------------------+-------------------------------------------------------------+---------------+-------------+------------+
; COMPILER_SIGNATURE_ID               ; 88750185370164.155015087211656                              ; --            ; --          ; --         ;
; MAX_CORE_JUNCTION_TEMP              ; 85                                                          ; --            ; --          ; --         ;
; MIN_CORE_JUNCTION_TEMP              ; 0                                                           ; --            ; --          ; --         ;
; MISC_FILE                           ; processor/synthesis/../processor.cmp                        ; --            ; --          ; --         ;
; MISC_FILE                           ; processor/synthesis/../../processor.qsys                    ; --            ; --          ; --         ;
; NOMINAL_CORE_SUPPLY_VOLTAGE         ; 1.2V                                                        ; --            ; --          ; --         ;
; PARTITION_COLOR                     ; -- (Not supported for targeted family)                      ; --            ; processor   ; Top        ;
; PARTITION_FITTER_PRESERVATION_LEVEL ; -- (Not supported for targeted family)                      ; --            ; processor   ; Top        ;
; PARTITION_NETLIST_TYPE              ; -- (Not supported for targeted family)                      ; --            ; processor   ; Top        ;
; POWER_BOARD_THERMAL_MODEL           ; None (CONSERVATIVE)                                         ; --            ; --          ; --         ;
; POWER_PRESET_COOLING_SOLUTION       ; 23 MM HEAT SINK WITH 200 LFPM AIRFLOW                       ; --            ; --          ; --         ;
; PROJECT_OUTPUT_DIRECTORY            ; output_files                                                ; --            ; --          ; --         ;
; SLD_FILE                            ; processor/synthesis/processor.regmap                        ; --            ; --          ; --         ;
; SLD_FILE                            ; processor/synthesis/processor.debuginfo                     ; --            ; --          ; --         ;
; SLD_INFO                            ; QSYS_NAME processor HAS_SOPCINFO 1 GENERATION_ID 1550150764 ; --            ; processor   ; --         ;
; SOPCINFO_FILE                       ; processor/synthesis/../../processor.sopcinfo                ; --            ; --          ; --         ;
; SYNTHESIS_ONLY_QIP                  ; On                                                          ; --            ; --          ; --         ;
; TOP_LEVEL_ENTITY                    ; processor                                                   ; p3            ; --          ; --         ;
+-------------------------------------+-------------------------------------------------------------+---------------+-------------+------------+


+--------------------------------------------------------------------------------------------------------------------------+
; Flow Elapsed Time                                                                                                        ;
+----------------------+--------------+-------------------------+---------------------+------------------------------------+
; Module Name          ; Elapsed Time ; Average Processors Used ; Peak Virtual Memory ; Total CPU Time (on all processors) ;
+----------------------+--------------+-------------------------+---------------------+------------------------------------+
; Analysis & Synthesis ; 00:01:15     ; 1.0                     ; 4926 MB             ; 00:02:00                           ;
; Fitter               ; 00:00:17     ; 1.1                     ; 5284 MB             ; 00:00:20                           ;
; Assembler            ; 00:00:03     ; 1.0                     ; 4699 MB             ; 00:00:03                           ;
; Timing Analyzer      ; 00:00:07     ; 1.1                     ; 4776 MB             ; 00:00:07                           ;
; Total                ; 00:01:42     ; --                      ; --                  ; 00:02:30                           ;
+----------------------+--------------+-------------------------+---------------------+------------------------------------+


+------------------------------------------------------------------------------------+
; Flow OS Summary                                                                    ;
+----------------------+------------------+------------+------------+----------------+
; Module Name          ; Machine Hostname ; OS Name    ; OS Version ; Processor type ;
+----------------------+------------------+------------+------------+----------------+
; Analysis & Synthesis ; unix             ; Windows 10 ; 10.0       ; x86_64         ;
; Fitter               ; unix             ; Windows 10 ; 10.0       ; x86_64         ;
; Assembler            ; unix             ; Windows 10 ; 10.0       ; x86_64         ;
; Timing Analyzer      ; unix             ; Windows 10 ; 10.0       ; x86_64         ;
+----------------------+------------------+------------+------------+----------------+


------------
; Flow Log ;
------------
quartus_map --read_settings_files=on --write_settings_files=off p3 -c p3
quartus_fit --read_settings_files=off --write_settings_files=off p3 -c p3
quartus_asm --read_settings_files=off --write_settings_files=off p3 -c p3
quartus_sta p3 -c p3



